2021-12-29 14:28:23.391  INFO 46368 --- [restartedMain] c.s.saidproject.SaidProjectApplication   : Starting SaidProjectApplication on users-MacBook-Pro.local with PID 46368 (/Users/abramovvicz/HowToDev/Projects/saidproject/said/target/classes started by abramovvicz in /Users/abramovvicz/HowToDev/Projects/saidproject/said)
2021-12-29 14:28:23.395  INFO 46368 --- [restartedMain] c.s.saidproject.SaidProjectApplication   : No active profile set, falling back to default profiles: default
2021-12-29 14:28:23.467  INFO 46368 --- [restartedMain] .e.DevToolsPropertyDefaultsPostProcessor : Devtools property defaults active! Set 'spring.devtools.add-properties' to 'false' to disable
2021-12-29 14:28:23.468  INFO 46368 --- [restartedMain] .e.DevToolsPropertyDefaultsPostProcessor : For additional web related logging consider setting the 'logging.level.web' property to 'DEBUG'
2021-12-29 14:28:24.160  INFO 46368 --- [restartedMain] .s.d.r.c.RepositoryConfigurationDelegate : Multiple Spring Data modules found, entering strict repository configuration mode!
2021-12-29 14:28:24.161  INFO 46368 --- [restartedMain] .s.d.r.c.RepositoryConfigurationDelegate : Bootstrapping Spring Data JPA repositories in DEFAULT mode.
2021-12-29 14:28:24.245  INFO 46368 --- [restartedMain] .s.d.r.c.RepositoryConfigurationDelegate : Finished Spring Data repository scanning in 76ms. Found 4 JPA repository interfaces.
2021-12-29 14:28:24.452  INFO 46368 --- [restartedMain] .s.d.r.c.RepositoryConfigurationDelegate : Multiple Spring Data modules found, entering strict repository configuration mode!
2021-12-29 14:28:24.453  INFO 46368 --- [restartedMain] .s.d.r.c.RepositoryConfigurationDelegate : Bootstrapping Spring Data JDBC repositories in DEFAULT mode.
2021-12-29 14:28:24.469  INFO 46368 --- [restartedMain] .RepositoryConfigurationExtensionSupport : Spring Data JDBC - Could not safely identify store assignment for repository candidate interface com.saidproject.saidproject.repo.IRepo. If you want this repository to be a JDBC repository, consider annotating your entities with one of these annotations: org.springframework.data.relational.core.mapping.Table.
2021-12-29 14:28:24.473  INFO 46368 --- [restartedMain] .RepositoryConfigurationExtensionSupport : Spring Data JDBC - Could not safely identify store assignment for repository candidate interface com.saidproject.saidproject.repo.api.IDescriptionRepo. If you want this repository to be a JDBC repository, consider annotating your entities with one of these annotations: org.springframework.data.relational.core.mapping.Table.
2021-12-29 14:28:24.474  INFO 46368 --- [restartedMain] .RepositoryConfigurationExtensionSupport : Spring Data JDBC - Could not safely identify store assignment for repository candidate interface com.saidproject.saidproject.repo.api.IMeasurementRepo. If you want this repository to be a JDBC repository, consider annotating your entities with one of these annotations: org.springframework.data.relational.core.mapping.Table.
2021-12-29 14:28:24.475  INFO 46368 --- [restartedMain] .RepositoryConfigurationExtensionSupport : Spring Data JDBC - Could not safely identify store assignment for repository candidate interface com.saidproject.saidproject.repo.api.IUserRepo. If you want this repository to be a JDBC repository, consider annotating your entities with one of these annotations: org.springframework.data.relational.core.mapping.Table.
2021-12-29 14:28:24.475  INFO 46368 --- [restartedMain] .s.d.r.c.RepositoryConfigurationDelegate : Finished Spring Data repository scanning in 21ms. Found 0 JDBC repository interfaces.
2021-12-29 14:28:25.215  INFO 46368 --- [restartedMain] o.s.b.w.embedded.tomcat.TomcatWebServer  : Tomcat initialized with port(s): 9092 (http)
2021-12-29 14:28:25.226  INFO 46368 --- [restartedMain] o.apache.catalina.core.StandardService   : Starting service [Tomcat]
2021-12-29 14:28:25.227  INFO 46368 --- [restartedMain] org.apache.catalina.core.StandardEngine  : Starting Servlet engine: [Apache Tomcat/9.0.37]
2021-12-29 14:28:25.314  INFO 46368 --- [restartedMain] o.a.c.c.C.[Tomcat].[localhost].[/]       : Initializing Spring embedded WebApplicationContext
2021-12-29 14:28:25.314  INFO 46368 --- [restartedMain] w.s.c.ServletWebServerApplicationContext : Root WebApplicationContext: initialization completed in 1846 ms
2021-12-29 14:28:25.414  INFO 46368 --- [restartedMain] com.zaxxer.hikari.HikariDataSource       : HikariPool-1 - Starting...
2021-12-29 14:28:25.540  INFO 46368 --- [restartedMain] com.zaxxer.hikari.HikariDataSource       : HikariPool-1 - Start completed.
2021-12-29 14:28:25.630  INFO 46368 --- [restartedMain] o.s.b.d.a.OptionalLiveReloadServer       : LiveReload server is running on port 35729
2021-12-29 14:28:25.807  INFO 46368 --- [restartedMain] o.hibernate.jpa.internal.util.LogHelper  : HHH000204: Processing PersistenceUnitInfo [name: default]
2021-12-29 14:28:25.853  INFO 46368 --- [restartedMain] org.hibernate.Version                    : HHH000412: Hibernate ORM core version 5.4.20.Final
2021-12-29 14:28:25.996  INFO 46368 --- [restartedMain] o.hibernate.annotations.common.Version   : HCANN000001: Hibernate Commons Annotations {5.1.0.Final}
2021-12-29 14:28:26.119  INFO 46368 --- [restartedMain] org.hibernate.dialect.Dialect            : HHH000400: Using dialect: org.hibernate.dialect.PostgreSQLDialect
2021-12-29 14:28:26.793  INFO 46368 --- [restartedMain] o.h.e.t.j.p.i.JtaPlatformInitiator       : HHH000490: Using JtaPlatform implementation: [org.hibernate.engine.transaction.jta.platform.internal.NoJtaPlatform]
2021-12-29 14:28:26.799  INFO 46368 --- [restartedMain] j.LocalContainerEntityManagerFactoryBean : Initialized JPA EntityManagerFactory for persistence unit 'default'
2021-12-29 14:28:26.855  WARN 46368 --- [restartedMain] JpaBaseConfiguration$JpaWebConfiguration : spring.jpa.open-in-view is enabled by default. Therefore, database queries may be performed during view rendering. Explicitly configure spring.jpa.open-in-view to disable this warning
2021-12-29 14:28:27.919  INFO 46368 --- [restartedMain] o.s.s.concurrent.ThreadPoolTaskExecutor  : Initializing ExecutorService 'applicationTaskExecutor'
2021-12-29 14:28:28.264  WARN 46368 --- [restartedMain] o.s.b.a.f.FreeMarkerAutoConfiguration    : Cannot find template location(s): [classpath:/templates/] (please add some templates, check your FreeMarker configuration, or set spring.freemarker.checkTemplateLocation=false)
2021-12-29 14:28:28.411  INFO 46368 --- [restartedMain] o.s.s.web.DefaultSecurityFilterChain     : Creating filter chain: any request, [org.springframework.security.web.context.request.async.WebAsyncManagerIntegrationFilter@2d223577, org.springframework.security.web.context.SecurityContextPersistenceFilter@50064483, org.springframework.security.web.header.HeaderWriterFilter@329ffdbd, org.springframework.web.filter.CorsFilter@40c266df, org.springframework.security.web.authentication.logout.LogoutFilter@f8bbb8c, org.springframework.security.web.savedrequest.RequestCacheAwareFilter@a809bbc, org.springframework.security.web.servletapi.SecurityContextHolderAwareRequestFilter@6fdbf8dd, org.springframework.security.web.authentication.AnonymousAuthenticationFilter@13a0a903, org.springframework.security.web.session.SessionManagementFilter@3b3d2201, org.springframework.security.web.access.ExceptionTranslationFilter@32435aaf, org.springframework.security.web.access.intercept.FilterSecurityInterceptor@afadea9]
2021-12-29 14:28:28.491  INFO 46368 --- [restartedMain] o.s.b.w.embedded.tomcat.TomcatWebServer  : Tomcat started on port(s): 9092 (http) with context path ''
2021-12-29 14:28:28.881  INFO 46368 --- [restartedMain] c.s.saidproject.SaidProjectApplication   : Started SaidProjectApplication in 6.008 seconds (JVM running for 6.545)
2021-12-29 14:39:29.193  INFO 46368 --- [SpringContextShutdownHook] o.s.s.concurrent.ThreadPoolTaskExecutor  : Shutting down ExecutorService 'applicationTaskExecutor'
2021-12-29 14:39:29.197  INFO 46368 --- [SpringContextShutdownHook] j.LocalContainerEntityManagerFactoryBean : Closing JPA EntityManagerFactory for persistence unit 'default'
2021-12-29 14:39:29.200  INFO 46368 --- [SpringContextShutdownHook] com.zaxxer.hikari.HikariDataSource       : HikariPool-1 - Shutdown initiated...
2021-12-29 14:39:29.207  INFO 46368 --- [SpringContextShutdownHook] com.zaxxer.hikari.HikariDataSource       : HikariPool-1 - Shutdown completed.
2021-12-29 14:46:04.551  INFO 46651 --- [restartedMain] c.s.saidproject.SaidProjectApplication   : Starting SaidProjectApplication on users-MacBook-Pro.local with PID 46651 (/Users/abramovvicz/HowToDev/Projects/saidproject/said/target/classes started by abramovvicz in /Users/abramovvicz/HowToDev/Projects/saidproject/said)
2021-12-29 14:46:04.554  INFO 46651 --- [restartedMain] c.s.saidproject.SaidProjectApplication   : No active profile set, falling back to default profiles: default
2021-12-29 14:46:04.634  INFO 46651 --- [restartedMain] .e.DevToolsPropertyDefaultsPostProcessor : Devtools property defaults active! Set 'spring.devtools.add-properties' to 'false' to disable
2021-12-29 14:46:04.635  INFO 46651 --- [restartedMain] .e.DevToolsPropertyDefaultsPostProcessor : For additional web related logging consider setting the 'logging.level.web' property to 'DEBUG'
2021-12-29 14:46:05.427  INFO 46651 --- [restartedMain] .s.d.r.c.RepositoryConfigurationDelegate : Multiple Spring Data modules found, entering strict repository configuration mode!
2021-12-29 14:46:05.427  INFO 46651 --- [restartedMain] .s.d.r.c.RepositoryConfigurationDelegate : Bootstrapping Spring Data JPA repositories in DEFAULT mode.
2021-12-29 14:46:05.506  INFO 46651 --- [restartedMain] .s.d.r.c.RepositoryConfigurationDelegate : Finished Spring Data repository scanning in 69ms. Found 4 JPA repository interfaces.
2021-12-29 14:46:05.738  INFO 46651 --- [restartedMain] .s.d.r.c.RepositoryConfigurationDelegate : Multiple Spring Data modules found, entering strict repository configuration mode!
2021-12-29 14:46:05.739  INFO 46651 --- [restartedMain] .s.d.r.c.RepositoryConfigurationDelegate : Bootstrapping Spring Data JDBC repositories in DEFAULT mode.
2021-12-29 14:46:05.756  INFO 46651 --- [restartedMain] .RepositoryConfigurationExtensionSupport : Spring Data JDBC - Could not safely identify store assignment for repository candidate interface com.saidproject.saidproject.repo.IRepo. If you want this repository to be a JDBC repository, consider annotating your entities with one of these annotations: org.springframework.data.relational.core.mapping.Table.
2021-12-29 14:46:05.760  INFO 46651 --- [restartedMain] .RepositoryConfigurationExtensionSupport : Spring Data JDBC - Could not safely identify store assignment for repository candidate interface com.saidproject.saidproject.repo.api.IDescriptionRepo. If you want this repository to be a JDBC repository, consider annotating your entities with one of these annotations: org.springframework.data.relational.core.mapping.Table.
2021-12-29 14:46:05.760  INFO 46651 --- [restartedMain] .RepositoryConfigurationExtensionSupport : Spring Data JDBC - Could not safely identify store assignment for repository candidate interface com.saidproject.saidproject.repo.api.IMeasurementRepo. If you want this repository to be a JDBC repository, consider annotating your entities with one of these annotations: org.springframework.data.relational.core.mapping.Table.
2021-12-29 14:46:05.761  INFO 46651 --- [restartedMain] .RepositoryConfigurationExtensionSupport : Spring Data JDBC - Could not safely identify store assignment for repository candidate interface com.saidproject.saidproject.repo.api.IUserRepo. If you want this repository to be a JDBC repository, consider annotating your entities with one of these annotations: org.springframework.data.relational.core.mapping.Table.
2021-12-29 14:46:05.761  INFO 46651 --- [restartedMain] .s.d.r.c.RepositoryConfigurationDelegate : Finished Spring Data repository scanning in 22ms. Found 0 JDBC repository interfaces.
2021-12-29 14:46:06.644  INFO 46651 --- [restartedMain] o.s.b.w.embedded.tomcat.TomcatWebServer  : Tomcat initialized with port(s): 9092 (http)
2021-12-29 14:46:06.659  INFO 46651 --- [restartedMain] o.apache.catalina.core.StandardService   : Starting service [Tomcat]
2021-12-29 14:46:06.660  INFO 46651 --- [restartedMain] org.apache.catalina.core.StandardEngine  : Starting Servlet engine: [Apache Tomcat/9.0.37]
2021-12-29 14:46:06.793  INFO 46651 --- [restartedMain] o.a.c.c.C.[Tomcat].[localhost].[/]       : Initializing Spring embedded WebApplicationContext
2021-12-29 14:46:06.793  INFO 46651 --- [restartedMain] w.s.c.ServletWebServerApplicationContext : Root WebApplicationContext: initialization completed in 2158 ms
2021-12-29 14:46:06.933  INFO 46651 --- [restartedMain] com.zaxxer.hikari.HikariDataSource       : HikariPool-1 - Starting...
2021-12-29 14:46:07.106  INFO 46651 --- [restartedMain] com.zaxxer.hikari.HikariDataSource       : HikariPool-1 - Start completed.
2021-12-29 14:46:07.209  INFO 46651 --- [restartedMain] o.s.b.d.a.OptionalLiveReloadServer       : LiveReload server is running on port 35729
2021-12-29 14:46:07.564  INFO 46651 --- [restartedMain] o.hibernate.jpa.internal.util.LogHelper  : HHH000204: Processing PersistenceUnitInfo [name: default]
2021-12-29 14:46:07.636  INFO 46651 --- [restartedMain] org.hibernate.Version                    : HHH000412: Hibernate ORM core version 5.4.20.Final
2021-12-29 14:46:07.841  INFO 46651 --- [restartedMain] o.hibernate.annotations.common.Version   : HCANN000001: Hibernate Commons Annotations {5.1.0.Final}
2021-12-29 14:46:07.962  INFO 46651 --- [restartedMain] org.hibernate.dialect.Dialect            : HHH000400: Using dialect: org.hibernate.dialect.PostgreSQLDialect
2021-12-29 14:46:09.202  INFO 46651 --- [restartedMain] o.h.e.t.j.p.i.JtaPlatformInitiator       : HHH000490: Using JtaPlatform implementation: [org.hibernate.engine.transaction.jta.platform.internal.NoJtaPlatform]
2021-12-29 14:46:09.209  INFO 46651 --- [restartedMain] j.LocalContainerEntityManagerFactoryBean : Initialized JPA EntityManagerFactory for persistence unit 'default'
2021-12-29 14:46:09.268  WARN 46651 --- [restartedMain] JpaBaseConfiguration$JpaWebConfiguration : spring.jpa.open-in-view is enabled by default. Therefore, database queries may be performed during view rendering. Explicitly configure spring.jpa.open-in-view to disable this warning
2021-12-29 14:46:10.700  INFO 46651 --- [restartedMain] o.s.s.concurrent.ThreadPoolTaskExecutor  : Initializing ExecutorService 'applicationTaskExecutor'
2021-12-29 14:46:11.091  WARN 46651 --- [restartedMain] o.s.b.a.f.FreeMarkerAutoConfiguration    : Cannot find template location(s): [classpath:/templates/] (please add some templates, check your FreeMarker configuration, or set spring.freemarker.checkTemplateLocation=false)
2021-12-29 14:46:11.289  INFO 46651 --- [restartedMain] o.s.s.web.DefaultSecurityFilterChain     : Creating filter chain: any request, [org.springframework.security.web.context.request.async.WebAsyncManagerIntegrationFilter@7f1efb07, org.springframework.security.web.context.SecurityContextPersistenceFilter@3dcc335e, org.springframework.security.web.header.HeaderWriterFilter@6746d769, org.springframework.web.filter.CorsFilter@7e88a147, org.springframework.security.web.authentication.logout.LogoutFilter@4e77355d, org.springframework.security.web.savedrequest.RequestCacheAwareFilter@6432267d, org.springframework.security.web.servletapi.SecurityContextHolderAwareRequestFilter@6ba2cf7e, org.springframework.security.web.authentication.AnonymousAuthenticationFilter@606031c, org.springframework.security.web.session.SessionManagementFilter@4e742cea, org.springframework.security.web.access.ExceptionTranslationFilter@469a8689, org.springframework.security.web.access.intercept.FilterSecurityInterceptor@28d770df]
2021-12-29 14:46:11.417  INFO 46651 --- [restartedMain] o.s.b.w.embedded.tomcat.TomcatWebServer  : Tomcat started on port(s): 9092 (http) with context path ''
2021-12-29 14:46:11.828  INFO 46651 --- [restartedMain] c.s.saidproject.SaidProjectApplication   : Started SaidProjectApplication in 7.933 seconds (JVM running for 8.531)
2021-12-29 14:46:13.699  INFO 46651 --- [http-nio-9092-exec-1] o.a.c.c.C.[Tomcat].[localhost].[/]       : Initializing Spring DispatcherServlet 'dispatcherServlet'
2021-12-29 14:46:13.700  INFO 46651 --- [http-nio-9092-exec-1] o.s.web.servlet.DispatcherServlet        : Initializing Servlet 'dispatcherServlet'
2021-12-29 14:46:13.709  INFO 46651 --- [http-nio-9092-exec-1] o.s.web.servlet.DispatcherServlet        : Completed initialization in 9 ms
2021-12-29 14:47:00.930  INFO 46651 --- [SpringContextShutdownHook] o.s.s.concurrent.ThreadPoolTaskExecutor  : Shutting down ExecutorService 'applicationTaskExecutor'
2021-12-29 14:47:00.936  INFO 46651 --- [SpringContextShutdownHook] j.LocalContainerEntityManagerFactoryBean : Closing JPA EntityManagerFactory for persistence unit 'default'
2021-12-29 14:47:00.941  INFO 46651 --- [SpringContextShutdownHook] com.zaxxer.hikari.HikariDataSource       : HikariPool-1 - Shutdown initiated...
2021-12-29 14:47:00.949  INFO 46651 --- [SpringContextShutdownHook] com.zaxxer.hikari.HikariDataSource       : HikariPool-1 - Shutdown completed.
2021-12-29 14:47:06.683  INFO 46679 --- [restartedMain] c.s.saidproject.SaidProjectApplication   : Starting SaidProjectApplication on users-MacBook-Pro.local with PID 46679 (/Users/abramovvicz/HowToDev/Projects/saidproject/said/target/classes started by abramovvicz in /Users/abramovvicz/HowToDev/Projects/saidproject/said)
2021-12-29 14:47:06.685  INFO 46679 --- [restartedMain] c.s.saidproject.SaidProjectApplication   : No active profile set, falling back to default profiles: default
2021-12-29 14:47:06.757  INFO 46679 --- [restartedMain] .e.DevToolsPropertyDefaultsPostProcessor : Devtools property defaults active! Set 'spring.devtools.add-properties' to 'false' to disable
2021-12-29 14:47:06.757  INFO 46679 --- [restartedMain] .e.DevToolsPropertyDefaultsPostProcessor : For additional web related logging consider setting the 'logging.level.web' property to 'DEBUG'
2021-12-29 14:47:07.469  INFO 46679 --- [restartedMain] .s.d.r.c.RepositoryConfigurationDelegate : Multiple Spring Data modules found, entering strict repository configuration mode!
2021-12-29 14:47:07.470  INFO 46679 --- [restartedMain] .s.d.r.c.RepositoryConfigurationDelegate : Bootstrapping Spring Data JPA repositories in DEFAULT mode.
2021-12-29 14:47:07.543  INFO 46679 --- [restartedMain] .s.d.r.c.RepositoryConfigurationDelegate : Finished Spring Data repository scanning in 64ms. Found 4 JPA repository interfaces.
2021-12-29 14:47:07.761  INFO 46679 --- [restartedMain] .s.d.r.c.RepositoryConfigurationDelegate : Multiple Spring Data modules found, entering strict repository configuration mode!
2021-12-29 14:47:07.761  INFO 46679 --- [restartedMain] .s.d.r.c.RepositoryConfigurationDelegate : Bootstrapping Spring Data JDBC repositories in DEFAULT mode.
2021-12-29 14:47:07.777  INFO 46679 --- [restartedMain] .RepositoryConfigurationExtensionSupport : Spring Data JDBC - Could not safely identify store assignment for repository candidate interface com.saidproject.saidproject.repo.IRepo. If you want this repository to be a JDBC repository, consider annotating your entities with one of these annotations: org.springframework.data.relational.core.mapping.Table.
2021-12-29 14:47:07.781  INFO 46679 --- [restartedMain] .RepositoryConfigurationExtensionSupport : Spring Data JDBC - Could not safely identify store assignment for repository candidate interface com.saidproject.saidproject.repo.api.IDescriptionRepo. If you want this repository to be a JDBC repository, consider annotating your entities with one of these annotations: org.springframework.data.relational.core.mapping.Table.
2021-12-29 14:47:07.782  INFO 46679 --- [restartedMain] .RepositoryConfigurationExtensionSupport : Spring Data JDBC - Could not safely identify store assignment for repository candidate interface com.saidproject.saidproject.repo.api.IMeasurementRepo. If you want this repository to be a JDBC repository, consider annotating your entities with one of these annotations: org.springframework.data.relational.core.mapping.Table.
2021-12-29 14:47:07.783  INFO 46679 --- [restartedMain] .RepositoryConfigurationExtensionSupport : Spring Data JDBC - Could not safely identify store assignment for repository candidate interface com.saidproject.saidproject.repo.api.IUserRepo. If you want this repository to be a JDBC repository, consider annotating your entities with one of these annotations: org.springframework.data.relational.core.mapping.Table.
2021-12-29 14:47:07.783  INFO 46679 --- [restartedMain] .s.d.r.c.RepositoryConfigurationDelegate : Finished Spring Data repository scanning in 21ms. Found 0 JDBC repository interfaces.
2021-12-29 14:47:08.619  INFO 46679 --- [restartedMain] o.s.b.w.embedded.tomcat.TomcatWebServer  : Tomcat initialized with port(s): 9092 (http)
2021-12-29 14:47:08.636  INFO 46679 --- [restartedMain] o.apache.catalina.core.StandardService   : Starting service [Tomcat]
2021-12-29 14:47:08.636  INFO 46679 --- [restartedMain] org.apache.catalina.core.StandardEngine  : Starting Servlet engine: [Apache Tomcat/9.0.37]
2021-12-29 14:47:08.757  INFO 46679 --- [restartedMain] o.a.c.c.C.[Tomcat].[localhost].[/]       : Initializing Spring embedded WebApplicationContext
2021-12-29 14:47:08.758  INFO 46679 --- [restartedMain] w.s.c.ServletWebServerApplicationContext : Root WebApplicationContext: initialization completed in 2001 ms
2021-12-29 14:47:08.886  INFO 46679 --- [restartedMain] com.zaxxer.hikari.HikariDataSource       : HikariPool-1 - Starting...
2021-12-29 14:47:09.041  INFO 46679 --- [restartedMain] com.zaxxer.hikari.HikariDataSource       : HikariPool-1 - Start completed.
2021-12-29 14:47:09.144  INFO 46679 --- [restartedMain] o.s.b.d.a.OptionalLiveReloadServer       : LiveReload server is running on port 35729
2021-12-29 14:47:09.386  INFO 46679 --- [restartedMain] o.hibernate.jpa.internal.util.LogHelper  : HHH000204: Processing PersistenceUnitInfo [name: default]
2021-12-29 14:47:09.441  INFO 46679 --- [restartedMain] org.hibernate.Version                    : HHH000412: Hibernate ORM core version 5.4.20.Final
2021-12-29 14:47:09.638  INFO 46679 --- [restartedMain] o.hibernate.annotations.common.Version   : HCANN000001: Hibernate Commons Annotations {5.1.0.Final}
2021-12-29 14:47:09.766  INFO 46679 --- [restartedMain] org.hibernate.dialect.Dialect            : HHH000400: Using dialect: org.hibernate.dialect.PostgreSQLDialect
2021-12-29 14:47:10.558  INFO 46679 --- [restartedMain] o.h.e.t.j.p.i.JtaPlatformInitiator       : HHH000490: Using JtaPlatform implementation: [org.hibernate.engine.transaction.jta.platform.internal.NoJtaPlatform]
2021-12-29 14:47:10.565  INFO 46679 --- [restartedMain] j.LocalContainerEntityManagerFactoryBean : Initialized JPA EntityManagerFactory for persistence unit 'default'
2021-12-29 14:47:10.610  WARN 46679 --- [restartedMain] JpaBaseConfiguration$JpaWebConfiguration : spring.jpa.open-in-view is enabled by default. Therefore, database queries may be performed during view rendering. Explicitly configure spring.jpa.open-in-view to disable this warning
2021-12-29 14:47:11.808  INFO 46679 --- [restartedMain] o.s.s.concurrent.ThreadPoolTaskExecutor  : Initializing ExecutorService 'applicationTaskExecutor'
2021-12-29 14:47:12.213  WARN 46679 --- [restartedMain] o.s.b.a.f.FreeMarkerAutoConfiguration    : Cannot find template location(s): [classpath:/templates/] (please add some templates, check your FreeMarker configuration, or set spring.freemarker.checkTemplateLocation=false)
2021-12-29 14:47:12.389  INFO 46679 --- [restartedMain] o.s.s.web.DefaultSecurityFilterChain     : Creating filter chain: any request, [org.springframework.security.web.context.request.async.WebAsyncManagerIntegrationFilter@7aae139c, org.springframework.security.web.context.SecurityContextPersistenceFilter@7ca5f16e, org.springframework.security.web.header.HeaderWriterFilter@34d965b7, org.springframework.web.filter.CorsFilter@4d232d1, org.springframework.security.web.authentication.logout.LogoutFilter@625344ed, org.springframework.security.web.savedrequest.RequestCacheAwareFilter@160504f8, org.springframework.security.web.servletapi.SecurityContextHolderAwareRequestFilter@96671a4, org.springframework.security.web.authentication.AnonymousAuthenticationFilter@1b5d2122, org.springframework.security.web.session.SessionManagementFilter@2cfc9fab, org.springframework.security.web.access.ExceptionTranslationFilter@338741b5, org.springframework.security.web.access.intercept.FilterSecurityInterceptor@15d5af]
2021-12-29 14:47:12.491  INFO 46679 --- [restartedMain] o.s.b.w.embedded.tomcat.TomcatWebServer  : Tomcat started on port(s): 9092 (http) with context path ''
2021-12-29 14:47:12.927  INFO 46679 --- [restartedMain] c.s.saidproject.SaidProjectApplication   : Started SaidProjectApplication in 6.797 seconds (JVM running for 7.387)
2021-12-29 14:47:24.295  INFO 46679 --- [http-nio-9092-exec-1] o.a.c.c.C.[Tomcat].[localhost].[/]       : Initializing Spring DispatcherServlet 'dispatcherServlet'
2021-12-29 14:47:24.296  INFO 46679 --- [http-nio-9092-exec-1] o.s.web.servlet.DispatcherServlet        : Initializing Servlet 'dispatcherServlet'
2021-12-29 14:47:24.303  INFO 46679 --- [http-nio-9092-exec-1] o.s.web.servlet.DispatcherServlet        : Completed initialization in 7 ms
2021-12-29 14:48:09.709  INFO 46679 --- [SpringContextShutdownHook] o.s.s.concurrent.ThreadPoolTaskExecutor  : Shutting down ExecutorService 'applicationTaskExecutor'
2021-12-29 14:48:09.714  INFO 46679 --- [SpringContextShutdownHook] j.LocalContainerEntityManagerFactoryBean : Closing JPA EntityManagerFactory for persistence unit 'default'
2021-12-29 14:48:09.719  INFO 46679 --- [SpringContextShutdownHook] com.zaxxer.hikari.HikariDataSource       : HikariPool-1 - Shutdown initiated...
2021-12-29 14:48:09.725  INFO 46679 --- [SpringContextShutdownHook] com.zaxxer.hikari.HikariDataSource       : HikariPool-1 - Shutdown completed.
2021-12-29 14:48:15.666  INFO 46706 --- [restartedMain] c.s.saidproject.SaidProjectApplication   : Starting SaidProjectApplication on users-MacBook-Pro.local with PID 46706 (/Users/abramovvicz/HowToDev/Projects/saidproject/said/target/classes started by abramovvicz in /Users/abramovvicz/HowToDev/Projects/saidproject/said)
2021-12-29 14:48:15.669  INFO 46706 --- [restartedMain] c.s.saidproject.SaidProjectApplication   : No active profile set, falling back to default profiles: default
2021-12-29 14:48:15.738  INFO 46706 --- [restartedMain] .e.DevToolsPropertyDefaultsPostProcessor : Devtools property defaults active! Set 'spring.devtools.add-properties' to 'false' to disable
2021-12-29 14:48:15.738  INFO 46706 --- [restartedMain] .e.DevToolsPropertyDefaultsPostProcessor : For additional web related logging consider setting the 'logging.level.web' property to 'DEBUG'
2021-12-29 14:48:16.654  INFO 46706 --- [restartedMain] .s.d.r.c.RepositoryConfigurationDelegate : Multiple Spring Data modules found, entering strict repository configuration mode!
2021-12-29 14:48:16.654  INFO 46706 --- [restartedMain] .s.d.r.c.RepositoryConfigurationDelegate : Bootstrapping Spring Data JPA repositories in DEFAULT mode.
2021-12-29 14:48:16.731  INFO 46706 --- [restartedMain] .s.d.r.c.RepositoryConfigurationDelegate : Finished Spring Data repository scanning in 68ms. Found 4 JPA repository interfaces.
2021-12-29 14:48:16.968  INFO 46706 --- [restartedMain] .s.d.r.c.RepositoryConfigurationDelegate : Multiple Spring Data modules found, entering strict repository configuration mode!
2021-12-29 14:48:16.968  INFO 46706 --- [restartedMain] .s.d.r.c.RepositoryConfigurationDelegate : Bootstrapping Spring Data JDBC repositories in DEFAULT mode.
2021-12-29 14:48:16.987  INFO 46706 --- [restartedMain] .RepositoryConfigurationExtensionSupport : Spring Data JDBC - Could not safely identify store assignment for repository candidate interface com.saidproject.saidproject.repo.IRepo. If you want this repository to be a JDBC repository, consider annotating your entities with one of these annotations: org.springframework.data.relational.core.mapping.Table.
2021-12-29 14:48:16.992  INFO 46706 --- [restartedMain] .RepositoryConfigurationExtensionSupport : Spring Data JDBC - Could not safely identify store assignment for repository candidate interface com.saidproject.saidproject.repo.api.IDescriptionRepo. If you want this repository to be a JDBC repository, consider annotating your entities with one of these annotations: org.springframework.data.relational.core.mapping.Table.
2021-12-29 14:48:16.993  INFO 46706 --- [restartedMain] .RepositoryConfigurationExtensionSupport : Spring Data JDBC - Could not safely identify store assignment for repository candidate interface com.saidproject.saidproject.repo.api.IMeasurementRepo. If you want this repository to be a JDBC repository, consider annotating your entities with one of these annotations: org.springframework.data.relational.core.mapping.Table.
2021-12-29 14:48:16.994  INFO 46706 --- [restartedMain] .RepositoryConfigurationExtensionSupport : Spring Data JDBC - Could not safely identify store assignment for repository candidate interface com.saidproject.saidproject.repo.api.IUserRepo. If you want this repository to be a JDBC repository, consider annotating your entities with one of these annotations: org.springframework.data.relational.core.mapping.Table.
2021-12-29 14:48:16.994  INFO 46706 --- [restartedMain] .s.d.r.c.RepositoryConfigurationDelegate : Finished Spring Data repository scanning in 25ms. Found 0 JDBC repository interfaces.
2021-12-29 14:48:17.721  INFO 46706 --- [restartedMain] o.s.b.w.embedded.tomcat.TomcatWebServer  : Tomcat initialized with port(s): 9092 (http)
2021-12-29 14:48:17.734  INFO 46706 --- [restartedMain] o.apache.catalina.core.StandardService   : Starting service [Tomcat]
2021-12-29 14:48:17.735  INFO 46706 --- [restartedMain] org.apache.catalina.core.StandardEngine  : Starting Servlet engine: [Apache Tomcat/9.0.37]
2021-12-29 14:48:17.824  INFO 46706 --- [restartedMain] o.a.c.c.C.[Tomcat].[localhost].[/]       : Initializing Spring embedded WebApplicationContext
2021-12-29 14:48:17.824  INFO 46706 --- [restartedMain] w.s.c.ServletWebServerApplicationContext : Root WebApplicationContext: initialization completed in 2085 ms
2021-12-29 14:48:17.930  INFO 46706 --- [restartedMain] com.zaxxer.hikari.HikariDataSource       : HikariPool-1 - Starting...
2021-12-29 14:48:18.018  INFO 46706 --- [restartedMain] com.zaxxer.hikari.HikariDataSource       : HikariPool-1 - Start completed.
2021-12-29 14:48:18.075  INFO 46706 --- [restartedMain] o.s.b.d.a.OptionalLiveReloadServer       : LiveReload server is running on port 35729
2021-12-29 14:48:18.273  INFO 46706 --- [restartedMain] o.hibernate.jpa.internal.util.LogHelper  : HHH000204: Processing PersistenceUnitInfo [name: default]
2021-12-29 14:48:18.327  INFO 46706 --- [restartedMain] org.hibernate.Version                    : HHH000412: Hibernate ORM core version 5.4.20.Final
2021-12-29 14:48:18.489  INFO 46706 --- [restartedMain] o.hibernate.annotations.common.Version   : HCANN000001: Hibernate Commons Annotations {5.1.0.Final}
2021-12-29 14:48:18.631  INFO 46706 --- [restartedMain] org.hibernate.dialect.Dialect            : HHH000400: Using dialect: org.hibernate.dialect.PostgreSQLDialect
2021-12-29 14:48:19.511  INFO 46706 --- [restartedMain] o.h.e.t.j.p.i.JtaPlatformInitiator       : HHH000490: Using JtaPlatform implementation: [org.hibernate.engine.transaction.jta.platform.internal.NoJtaPlatform]
2021-12-29 14:48:19.518  INFO 46706 --- [restartedMain] j.LocalContainerEntityManagerFactoryBean : Initialized JPA EntityManagerFactory for persistence unit 'default'
2021-12-29 14:48:19.578  WARN 46706 --- [restartedMain] JpaBaseConfiguration$JpaWebConfiguration : spring.jpa.open-in-view is enabled by default. Therefore, database queries may be performed during view rendering. Explicitly configure spring.jpa.open-in-view to disable this warning
2021-12-29 14:48:20.592  INFO 46706 --- [restartedMain] o.s.s.concurrent.ThreadPoolTaskExecutor  : Initializing ExecutorService 'applicationTaskExecutor'
2021-12-29 14:48:20.933  WARN 46706 --- [restartedMain] o.s.b.a.f.FreeMarkerAutoConfiguration    : Cannot find template location(s): [classpath:/templates/] (please add some templates, check your FreeMarker configuration, or set spring.freemarker.checkTemplateLocation=false)
2021-12-29 14:48:21.080  INFO 46706 --- [restartedMain] o.s.s.web.DefaultSecurityFilterChain     : Creating filter chain: any request, [org.springframework.security.web.context.request.async.WebAsyncManagerIntegrationFilter@2d1eff59, org.springframework.security.web.context.SecurityContextPersistenceFilter@51eb1844, org.springframework.security.web.header.HeaderWriterFilter@1cc656d9, org.springframework.web.filter.CorsFilter@15f77fa1, org.springframework.security.web.authentication.logout.LogoutFilter@51cc00fe, org.springframework.security.web.savedrequest.RequestCacheAwareFilter@8dd7af4, org.springframework.security.web.servletapi.SecurityContextHolderAwareRequestFilter@718af305, org.springframework.security.web.authentication.AnonymousAuthenticationFilter@27df3dfe, org.springframework.security.web.session.SessionManagementFilter@789905de, org.springframework.security.web.access.ExceptionTranslationFilter@4e496875, org.springframework.security.web.access.intercept.FilterSecurityInterceptor@24e1e4a4]
2021-12-29 14:48:21.168  INFO 46706 --- [restartedMain] o.s.b.w.embedded.tomcat.TomcatWebServer  : Tomcat started on port(s): 9092 (http) with context path ''
2021-12-29 14:48:21.580  INFO 46706 --- [restartedMain] c.s.saidproject.SaidProjectApplication   : Started SaidProjectApplication in 6.611 seconds (JVM running for 7.237)
2021-12-29 14:51:22.334  INFO 46706 --- [SpringContextShutdownHook] o.s.s.concurrent.ThreadPoolTaskExecutor  : Shutting down ExecutorService 'applicationTaskExecutor'
2021-12-29 14:51:22.341  INFO 46706 --- [SpringContextShutdownHook] j.LocalContainerEntityManagerFactoryBean : Closing JPA EntityManagerFactory for persistence unit 'default'
2021-12-29 14:51:22.344  INFO 46706 --- [SpringContextShutdownHook] com.zaxxer.hikari.HikariDataSource       : HikariPool-1 - Shutdown initiated...
2021-12-29 14:51:22.351  INFO 46706 --- [SpringContextShutdownHook] com.zaxxer.hikari.HikariDataSource       : HikariPool-1 - Shutdown completed.
2021-12-29 14:51:43.313  INFO 46761 --- [restartedMain] c.s.saidproject.SaidProjectApplication   : Starting SaidProjectApplication on users-MacBook-Pro.local with PID 46761 (/Users/abramovvicz/HowToDev/Projects/saidproject/said/target/classes started by abramovvicz in /Users/abramovvicz/HowToDev/Projects/saidproject/said)
2021-12-29 14:51:43.316  INFO 46761 --- [restartedMain] c.s.saidproject.SaidProjectApplication   : No active profile set, falling back to default profiles: default
2021-12-29 14:51:43.375  INFO 46761 --- [restartedMain] .e.DevToolsPropertyDefaultsPostProcessor : Devtools property defaults active! Set 'spring.devtools.add-properties' to 'false' to disable
2021-12-29 14:51:43.375  INFO 46761 --- [restartedMain] .e.DevToolsPropertyDefaultsPostProcessor : For additional web related logging consider setting the 'logging.level.web' property to 'DEBUG'
2021-12-29 14:51:44.097  INFO 46761 --- [restartedMain] .s.d.r.c.RepositoryConfigurationDelegate : Multiple Spring Data modules found, entering strict repository configuration mode!
2021-12-29 14:51:44.097  INFO 46761 --- [restartedMain] .s.d.r.c.RepositoryConfigurationDelegate : Bootstrapping Spring Data JPA repositories in DEFAULT mode.
2021-12-29 14:51:44.185  INFO 46761 --- [restartedMain] .s.d.r.c.RepositoryConfigurationDelegate : Finished Spring Data repository scanning in 80ms. Found 4 JPA repository interfaces.
2021-12-29 14:51:44.392  INFO 46761 --- [restartedMain] .s.d.r.c.RepositoryConfigurationDelegate : Multiple Spring Data modules found, entering strict repository configuration mode!
2021-12-29 14:51:44.392  INFO 46761 --- [restartedMain] .s.d.r.c.RepositoryConfigurationDelegate : Bootstrapping Spring Data JDBC repositories in DEFAULT mode.
2021-12-29 14:51:44.411  INFO 46761 --- [restartedMain] .RepositoryConfigurationExtensionSupport : Spring Data JDBC - Could not safely identify store assignment for repository candidate interface com.saidproject.saidproject.repo.IRepo. If you want this repository to be a JDBC repository, consider annotating your entities with one of these annotations: org.springframework.data.relational.core.mapping.Table.
2021-12-29 14:51:44.415  INFO 46761 --- [restartedMain] .RepositoryConfigurationExtensionSupport : Spring Data JDBC - Could not safely identify store assignment for repository candidate interface com.saidproject.saidproject.repo.api.IDescriptionRepo. If you want this repository to be a JDBC repository, consider annotating your entities with one of these annotations: org.springframework.data.relational.core.mapping.Table.
2021-12-29 14:51:44.416  INFO 46761 --- [restartedMain] .RepositoryConfigurationExtensionSupport : Spring Data JDBC - Could not safely identify store assignment for repository candidate interface com.saidproject.saidproject.repo.api.IMeasurementRepo. If you want this repository to be a JDBC repository, consider annotating your entities with one of these annotations: org.springframework.data.relational.core.mapping.Table.
2021-12-29 14:51:44.417  INFO 46761 --- [restartedMain] .RepositoryConfigurationExtensionSupport : Spring Data JDBC - Could not safely identify store assignment for repository candidate interface com.saidproject.saidproject.repo.api.IUserRepo. If you want this repository to be a JDBC repository, consider annotating your entities with one of these annotations: org.springframework.data.relational.core.mapping.Table.
2021-12-29 14:51:44.417  INFO 46761 --- [restartedMain] .s.d.r.c.RepositoryConfigurationDelegate : Finished Spring Data repository scanning in 25ms. Found 0 JDBC repository interfaces.
2021-12-29 14:51:45.283  INFO 46761 --- [restartedMain] o.s.b.w.embedded.tomcat.TomcatWebServer  : Tomcat initialized with port(s): 9092 (http)
2021-12-29 14:51:45.294  INFO 46761 --- [restartedMain] o.apache.catalina.core.StandardService   : Starting service [Tomcat]
2021-12-29 14:51:45.295  INFO 46761 --- [restartedMain] org.apache.catalina.core.StandardEngine  : Starting Servlet engine: [Apache Tomcat/9.0.37]
2021-12-29 14:51:45.386  INFO 46761 --- [restartedMain] o.a.c.c.C.[Tomcat].[localhost].[/]       : Initializing Spring embedded WebApplicationContext
2021-12-29 14:51:45.386  INFO 46761 --- [restartedMain] w.s.c.ServletWebServerApplicationContext : Root WebApplicationContext: initialization completed in 2011 ms
2021-12-29 14:51:45.487  INFO 46761 --- [restartedMain] com.zaxxer.hikari.HikariDataSource       : HikariPool-1 - Starting...
2021-12-29 14:51:45.611  INFO 46761 --- [restartedMain] com.zaxxer.hikari.HikariDataSource       : HikariPool-1 - Start completed.
2021-12-29 14:51:45.703  INFO 46761 --- [restartedMain] o.s.b.d.a.OptionalLiveReloadServer       : LiveReload server is running on port 35729
2021-12-29 14:51:45.863  INFO 46761 --- [restartedMain] o.hibernate.jpa.internal.util.LogHelper  : HHH000204: Processing PersistenceUnitInfo [name: default]
2021-12-29 14:51:45.915  INFO 46761 --- [restartedMain] org.hibernate.Version                    : HHH000412: Hibernate ORM core version 5.4.20.Final
2021-12-29 14:51:46.067  INFO 46761 --- [restartedMain] o.hibernate.annotations.common.Version   : HCANN000001: Hibernate Commons Annotations {5.1.0.Final}
2021-12-29 14:51:46.180  INFO 46761 --- [restartedMain] org.hibernate.dialect.Dialect            : HHH000400: Using dialect: org.hibernate.dialect.PostgreSQLDialect
2021-12-29 14:51:46.869  INFO 46761 --- [restartedMain] o.h.e.t.j.p.i.JtaPlatformInitiator       : HHH000490: Using JtaPlatform implementation: [org.hibernate.engine.transaction.jta.platform.internal.NoJtaPlatform]
2021-12-29 14:51:46.876  INFO 46761 --- [restartedMain] j.LocalContainerEntityManagerFactoryBean : Initialized JPA EntityManagerFactory for persistence unit 'default'
2021-12-29 14:51:46.929  WARN 46761 --- [restartedMain] JpaBaseConfiguration$JpaWebConfiguration : spring.jpa.open-in-view is enabled by default. Therefore, database queries may be performed during view rendering. Explicitly configure spring.jpa.open-in-view to disable this warning
2021-12-29 14:51:47.926  INFO 46761 --- [restartedMain] o.s.s.concurrent.ThreadPoolTaskExecutor  : Initializing ExecutorService 'applicationTaskExecutor'
2021-12-29 14:51:48.293  WARN 46761 --- [restartedMain] o.s.b.a.f.FreeMarkerAutoConfiguration    : Cannot find template location(s): [classpath:/templates/] (please add some templates, check your FreeMarker configuration, or set spring.freemarker.checkTemplateLocation=false)
2021-12-29 14:51:48.464  INFO 46761 --- [restartedMain] o.s.s.web.DefaultSecurityFilterChain     : Creating filter chain: any request, [org.springframework.security.web.context.request.async.WebAsyncManagerIntegrationFilter@2435396e, org.springframework.security.web.context.SecurityContextPersistenceFilter@4fa9406b, org.springframework.security.web.header.HeaderWriterFilter@500ec867, org.springframework.web.filter.CorsFilter@20f6c039, org.springframework.security.web.authentication.logout.LogoutFilter@61571895, org.springframework.security.web.savedrequest.RequestCacheAwareFilter@422aae9b, org.springframework.security.web.servletapi.SecurityContextHolderAwareRequestFilter@458fc7d5, org.springframework.security.web.authentication.AnonymousAuthenticationFilter@4a43c634, org.springframework.security.web.session.SessionManagementFilter@f5080a8, org.springframework.security.web.access.ExceptionTranslationFilter@1ded4d1f, org.springframework.security.web.access.intercept.FilterSecurityInterceptor@38551f7c]
2021-12-29 14:51:48.559  INFO 46761 --- [restartedMain] o.s.b.w.embedded.tomcat.TomcatWebServer  : Tomcat started on port(s): 9092 (http) with context path ''
2021-12-29 14:51:49.018  INFO 46761 --- [restartedMain] c.s.saidproject.SaidProjectApplication   : Started SaidProjectApplication in 6.232 seconds (JVM running for 6.773)
2021-12-29 14:51:50.551  INFO 46761 --- [http-nio-9092-exec-1] o.a.c.c.C.[Tomcat].[localhost].[/]       : Initializing Spring DispatcherServlet 'dispatcherServlet'
2021-12-29 14:51:50.552  INFO 46761 --- [http-nio-9092-exec-1] o.s.web.servlet.DispatcherServlet        : Initializing Servlet 'dispatcherServlet'
2021-12-29 14:51:50.559  INFO 46761 --- [http-nio-9092-exec-1] o.s.web.servlet.DispatcherServlet        : Completed initialization in 7 ms
2021-12-29 14:53:47.290  INFO 46761 --- [SpringContextShutdownHook] o.s.s.concurrent.ThreadPoolTaskExecutor  : Shutting down ExecutorService 'applicationTaskExecutor'
2021-12-29 14:53:47.297  INFO 46761 --- [SpringContextShutdownHook] j.LocalContainerEntityManagerFactoryBean : Closing JPA EntityManagerFactory for persistence unit 'default'
2021-12-29 14:53:47.300  INFO 46761 --- [SpringContextShutdownHook] com.zaxxer.hikari.HikariDataSource       : HikariPool-1 - Shutdown initiated...
2021-12-29 14:53:47.306  INFO 46761 --- [SpringContextShutdownHook] com.zaxxer.hikari.HikariDataSource       : HikariPool-1 - Shutdown completed.
2021-12-29 14:53:52.967  INFO 46799 --- [restartedMain] c.s.saidproject.SaidProjectApplication   : Starting SaidProjectApplication on users-MacBook-Pro.local with PID 46799 (/Users/abramovvicz/HowToDev/Projects/saidproject/said/target/classes started by abramovvicz in /Users/abramovvicz/HowToDev/Projects/saidproject/said)
2021-12-29 14:53:52.969  INFO 46799 --- [restartedMain] c.s.saidproject.SaidProjectApplication   : No active profile set, falling back to default profiles: default
2021-12-29 14:53:53.024  INFO 46799 --- [restartedMain] .e.DevToolsPropertyDefaultsPostProcessor : Devtools property defaults active! Set 'spring.devtools.add-properties' to 'false' to disable
2021-12-29 14:53:53.025  INFO 46799 --- [restartedMain] .e.DevToolsPropertyDefaultsPostProcessor : For additional web related logging consider setting the 'logging.level.web' property to 'DEBUG'
2021-12-29 14:53:53.707  INFO 46799 --- [restartedMain] .s.d.r.c.RepositoryConfigurationDelegate : Multiple Spring Data modules found, entering strict repository configuration mode!
2021-12-29 14:53:53.708  INFO 46799 --- [restartedMain] .s.d.r.c.RepositoryConfigurationDelegate : Bootstrapping Spring Data JPA repositories in DEFAULT mode.
2021-12-29 14:53:53.776  INFO 46799 --- [restartedMain] .s.d.r.c.RepositoryConfigurationDelegate : Finished Spring Data repository scanning in 61ms. Found 4 JPA repository interfaces.
2021-12-29 14:53:53.972  INFO 46799 --- [restartedMain] .s.d.r.c.RepositoryConfigurationDelegate : Multiple Spring Data modules found, entering strict repository configuration mode!
2021-12-29 14:53:53.973  INFO 46799 --- [restartedMain] .s.d.r.c.RepositoryConfigurationDelegate : Bootstrapping Spring Data JDBC repositories in DEFAULT mode.
2021-12-29 14:53:53.986  INFO 46799 --- [restartedMain] .RepositoryConfigurationExtensionSupport : Spring Data JDBC - Could not safely identify store assignment for repository candidate interface com.saidproject.saidproject.repo.IRepo. If you want this repository to be a JDBC repository, consider annotating your entities with one of these annotations: org.springframework.data.relational.core.mapping.Table.
2021-12-29 14:53:53.989  INFO 46799 --- [restartedMain] .RepositoryConfigurationExtensionSupport : Spring Data JDBC - Could not safely identify store assignment for repository candidate interface com.saidproject.saidproject.repo.api.IDescriptionRepo. If you want this repository to be a JDBC repository, consider annotating your entities with one of these annotations: org.springframework.data.relational.core.mapping.Table.
2021-12-29 14:53:53.990  INFO 46799 --- [restartedMain] .RepositoryConfigurationExtensionSupport : Spring Data JDBC - Could not safely identify store assignment for repository candidate interface com.saidproject.saidproject.repo.api.IMeasurementRepo. If you want this repository to be a JDBC repository, consider annotating your entities with one of these annotations: org.springframework.data.relational.core.mapping.Table.
2021-12-29 14:53:53.990  INFO 46799 --- [restartedMain] .RepositoryConfigurationExtensionSupport : Spring Data JDBC - Could not safely identify store assignment for repository candidate interface com.saidproject.saidproject.repo.api.IUserRepo. If you want this repository to be a JDBC repository, consider annotating your entities with one of these annotations: org.springframework.data.relational.core.mapping.Table.
2021-12-29 14:53:53.990  INFO 46799 --- [restartedMain] .s.d.r.c.RepositoryConfigurationDelegate : Finished Spring Data repository scanning in 17ms. Found 0 JDBC repository interfaces.
2021-12-29 14:53:54.742  INFO 46799 --- [restartedMain] o.s.b.w.embedded.tomcat.TomcatWebServer  : Tomcat initialized with port(s): 9092 (http)
2021-12-29 14:53:54.756  INFO 46799 --- [restartedMain] o.apache.catalina.core.StandardService   : Starting service [Tomcat]
2021-12-29 14:53:54.756  INFO 46799 --- [restartedMain] org.apache.catalina.core.StandardEngine  : Starting Servlet engine: [Apache Tomcat/9.0.37]
2021-12-29 14:53:54.858  INFO 46799 --- [restartedMain] o.a.c.c.C.[Tomcat].[localhost].[/]       : Initializing Spring embedded WebApplicationContext
2021-12-29 14:53:54.858  INFO 46799 --- [restartedMain] w.s.c.ServletWebServerApplicationContext : Root WebApplicationContext: initialization completed in 1833 ms
2021-12-29 14:53:54.989  INFO 46799 --- [restartedMain] com.zaxxer.hikari.HikariDataSource       : HikariPool-1 - Starting...
2021-12-29 14:53:55.137  INFO 46799 --- [restartedMain] com.zaxxer.hikari.HikariDataSource       : HikariPool-1 - Start completed.
2021-12-29 14:53:55.206  INFO 46799 --- [restartedMain] o.s.b.d.a.OptionalLiveReloadServer       : LiveReload server is running on port 35729
2021-12-29 14:53:55.371  INFO 46799 --- [restartedMain] o.hibernate.jpa.internal.util.LogHelper  : HHH000204: Processing PersistenceUnitInfo [name: default]
2021-12-29 14:53:55.433  INFO 46799 --- [restartedMain] org.hibernate.Version                    : HHH000412: Hibernate ORM core version 5.4.20.Final
2021-12-29 14:53:55.595  INFO 46799 --- [restartedMain] o.hibernate.annotations.common.Version   : HCANN000001: Hibernate Commons Annotations {5.1.0.Final}
2021-12-29 14:53:55.716  INFO 46799 --- [restartedMain] org.hibernate.dialect.Dialect            : HHH000400: Using dialect: org.hibernate.dialect.PostgreSQLDialect
2021-12-29 14:53:56.547  INFO 46799 --- [restartedMain] o.h.e.t.j.p.i.JtaPlatformInitiator       : HHH000490: Using JtaPlatform implementation: [org.hibernate.engine.transaction.jta.platform.internal.NoJtaPlatform]
2021-12-29 14:53:56.553  INFO 46799 --- [restartedMain] j.LocalContainerEntityManagerFactoryBean : Initialized JPA EntityManagerFactory for persistence unit 'default'
2021-12-29 14:53:56.616  WARN 46799 --- [restartedMain] JpaBaseConfiguration$JpaWebConfiguration : spring.jpa.open-in-view is enabled by default. Therefore, database queries may be performed during view rendering. Explicitly configure spring.jpa.open-in-view to disable this warning
2021-12-29 14:53:57.830  INFO 46799 --- [restartedMain] o.s.s.concurrent.ThreadPoolTaskExecutor  : Initializing ExecutorService 'applicationTaskExecutor'
2021-12-29 14:53:58.378  WARN 46799 --- [restartedMain] o.s.b.a.f.FreeMarkerAutoConfiguration    : Cannot find template location(s): [classpath:/templates/] (please add some templates, check your FreeMarker configuration, or set spring.freemarker.checkTemplateLocation=false)
2021-12-29 14:53:58.565  INFO 46799 --- [restartedMain] o.s.s.web.DefaultSecurityFilterChain     : Creating filter chain: any request, [org.springframework.security.web.context.request.async.WebAsyncManagerIntegrationFilter@18dcd323, org.springframework.security.web.context.SecurityContextPersistenceFilter@400d7faf, org.springframework.security.web.header.HeaderWriterFilter@47b5e08, org.springframework.web.filter.CorsFilter@66114ec7, org.springframework.security.web.authentication.logout.LogoutFilter@289edc61, org.springframework.security.web.savedrequest.RequestCacheAwareFilter@56b71953, org.springframework.security.web.servletapi.SecurityContextHolderAwareRequestFilter@79602dac, org.springframework.security.web.authentication.AnonymousAuthenticationFilter@252a6900, org.springframework.security.web.session.SessionManagementFilter@4e77b201, org.springframework.security.web.access.ExceptionTranslationFilter@2e5b4019, org.springframework.security.web.access.intercept.FilterSecurityInterceptor@32eb4e38]
2021-12-29 14:53:58.680  INFO 46799 --- [restartedMain] o.s.b.w.embedded.tomcat.TomcatWebServer  : Tomcat started on port(s): 9092 (http) with context path ''
2021-12-29 14:53:58.803  INFO 46799 --- [http-nio-9092-exec-1] o.a.c.c.C.[Tomcat].[localhost].[/]       : Initializing Spring DispatcherServlet 'dispatcherServlet'
2021-12-29 14:53:58.805  INFO 46799 --- [http-nio-9092-exec-1] o.s.web.servlet.DispatcherServlet        : Initializing Servlet 'dispatcherServlet'
2021-12-29 14:53:58.817  INFO 46799 --- [http-nio-9092-exec-1] o.s.web.servlet.DispatcherServlet        : Completed initialization in 12 ms
2021-12-29 14:53:59.297  INFO 46799 --- [restartedMain] c.s.saidproject.SaidProjectApplication   : Started SaidProjectApplication in 6.862 seconds (JVM running for 7.418)
